2024-02-03 11:55:12,489 autoreload 22880 14536 INFO Watching for file changes with StatReloader
2024-02-03 11:56:29,296 autoreload 21212 9516 INFO Watching for file changes with StatReloader
2024-02-03 11:57:04,684 autoreload 11720 8036 INFO Watching for file changes with StatReloader
2024-02-03 11:58:04,195 autoreload 760 880 INFO Watching for file changes with StatReloader
2024-02-03 11:58:32,146 autoreload 760 880 INFO H:\Usuários\Codes\Alppi\Microservice_1\apps\authentication\urls.py changed, reloading.
2024-02-03 11:59:46,257 autoreload 1124 8284 INFO Watching for file changes with StatReloader
2024-02-03 12:00:08,713 autoreload 1124 8284 INFO H:\Usuários\Codes\Alppi\Microservice_1\apps\authentication\urls.py changed, reloading.
2024-02-03 12:01:14,740 autoreload 1532 11720 INFO Watching for file changes with StatReloader
2024-02-03 12:01:50,262 autoreload 1532 11720 INFO H:\Usuários\Codes\Alppi\Microservice_1\apps\authentication\login\views.py changed, reloading.
2024-02-03 12:02:36,028 autoreload 10972 23044 INFO Watching for file changes with StatReloader
2024-02-03 12:02:44,712 autoreload 10972 23044 INFO H:\Usuários\Codes\Alppi\Microservice_1\apps\authentication\login\views.py changed, reloading.
2024-02-03 12:02:46,719 autoreload 20984 14132 INFO Watching for file changes with StatReloader
2024-02-03 12:02:48,311 autoreload 20984 14132 INFO H:\Usuários\Codes\Alppi\Microservice_1\apps\authentication\login\views.py changed, reloading.
2024-02-03 12:03:04,180 autoreload 17580 21752 INFO Watching for file changes with StatReloader
2024-02-03 12:03:18,087 autoreload 17580 21752 INFO H:\Usuários\Codes\Alppi\Microservice_1\apps\authentication\urls.py changed, reloading.
2024-02-03 12:03:22,581 autoreload 12728 13016 INFO Watching for file changes with StatReloader
2024-02-03 12:10:47,189 query_user 12728 13184 INFO Criando cursor no banco de dados
2024-02-03 12:10:50,853 query_user 12728 13184 INFO {'results': 'Problemas do servidor ao autenticar usuario.'}
2024-02-03 12:10:54,809 query_user 12728 13184 ERROR syntax error at or near "."
LINE 1: ...CT u.pk_user, u.full_name, u.password, u.status cp.campus_co...
                                                             ^

2024-02-03 12:10:57,597 query_user 12728 13184 INFO Cursor do banco fechado
2024-02-03 12:10:57,611 log 12728 13184 ERROR Internal Server Error: /ms1/api/v1/user/login
2024-02-03 12:10:57,613 basehttp 12728 13184 ERROR "POST /ms1/api/v1/user/login HTTP/1.1" 500 59
2024-02-03 12:13:10,295 autoreload 10224 23256 INFO Watching for file changes with StatReloader
2024-02-03 12:13:24,602 query_user 10224 9452 INFO Criando cursor no banco de dados
2024-02-03 12:13:26,781 query_user 10224 9452 INFO {'results': 'Problemas do servidor ao autenticar usuario.'}
2024-02-03 12:13:27,869 query_user 10224 9452 ERROR schema "cp" does not exist
LINE 1: ...ser as u LEFT JOIN tb_campus as cp on u.fk_campus=cp.pk_camp...
                                                             ^

2024-02-03 12:15:27,429 autoreload 10224 23256 INFO H:\Usuários\Codes\Alppi\Microservice_1\apps\authentication\query\query_user.py changed, reloading.
2024-02-03 12:15:46,830 query_user 10224 9452 INFO Cursor do banco fechado
2024-02-03 12:15:46,846 log 10224 9452 ERROR Internal Server Error: /ms1/api/v1/user/login
2024-02-03 12:15:46,849 basehttp 10224 9452 ERROR "POST /ms1/api/v1/user/login HTTP/1.1" 500 59
2024-02-03 12:16:10,780 autoreload 20464 2504 INFO Watching for file changes with StatReloader
2024-02-03 12:16:23,366 autoreload 20464 2504 INFO H:\Usuários\Codes\Alppi\Microservice_1\apps\authentication\query\query_user.py changed, reloading.
2024-02-03 12:16:55,642 query_user 20464 21552 INFO Criando cursor no banco de dados
2024-02-03 12:16:55,672 query_user 20464 21552 INFO {'results': 'Problemas do servidor ao autenticar usuario.'}
2024-02-03 12:16:55,673 query_user 20464 21552 ERROR not all arguments converted during string formatting
2024-02-03 12:16:55,674 query_user 20464 21552 INFO Cursor do banco fechado
2024-02-03 12:16:55,685 log 20464 21552 ERROR Internal Server Error: /ms1/api/v1/user/login
2024-02-03 12:16:55,688 basehttp 20464 21552 ERROR "POST /ms1/api/v1/user/login HTTP/1.1" 500 59
2024-02-03 12:16:59,700 autoreload 17400 10636 INFO Watching for file changes with StatReloader
2024-02-03 12:17:51,499 query_user 17400 6480 INFO Criando cursor no banco de dados
2024-02-03 12:17:53,546 query_user 17400 6480 INFO {'results': 'Problemas do servidor ao autenticar usuario.'}
2024-02-03 12:17:53,767 query_user 17400 6480 ERROR not all arguments converted during string formatting
2024-02-03 12:18:16,289 autoreload 17400 10636 INFO H:\Usuários\Codes\Alppi\Microservice_1\apps\authentication\query\query_user.py changed, reloading.
2024-02-03 12:18:42,538 query_user 17400 6480 INFO Cursor do banco fechado
2024-02-03 12:18:42,554 log 17400 6480 ERROR Internal Server Error: /ms1/api/v1/user/login
2024-02-03 12:18:42,556 basehttp 17400 6480 ERROR "POST /ms1/api/v1/user/login HTTP/1.1" 500 59
2024-02-03 12:18:44,368 autoreload 22596 10408 INFO Watching for file changes with StatReloader
2024-02-03 12:18:49,274 autoreload 18008 17632 INFO Watching for file changes with StatReloader
2024-02-03 12:19:00,934 query_user 18008 24256 INFO Criando cursor no banco de dados
2024-02-03 12:19:06,292 query_user 18008 24256 INFO {'results': 'Problemas do servidor ao autenticar usuario.'}
2024-02-03 12:19:06,618 query_user 18008 24256 ERROR not all arguments converted during string formatting
2024-02-03 12:19:41,240 autoreload 18008 17632 INFO H:\Usuários\Codes\Alppi\Microservice_1\apps\authentication\query\query_user.py changed, reloading.
2024-02-03 12:19:49,640 query_user 18008 24256 INFO Cursor do banco fechado
2024-02-03 12:19:49,654 log 18008 24256 ERROR Internal Server Error: /ms1/api/v1/user/login
2024-02-03 12:19:49,657 basehttp 18008 24256 ERROR "POST /ms1/api/v1/user/login HTTP/1.1" 500 59
2024-02-03 12:19:52,067 autoreload 20120 7048 INFO Watching for file changes with StatReloader
2024-02-03 12:20:31,264 query_user 20120 19904 INFO Criando cursor no banco de dados
2024-02-03 12:20:33,920 query_user 20120 19904 INFO Executando query user_infos
2024-02-03 12:20:49,778 query_user 20120 19904 INFO Cursor do banco fechado
2024-02-03 12:20:58,462 query_user 20120 19904 INFO Atualizando ultima acesso do usuario.
2024-02-03 12:21:02,118 query_user 20120 19904 INFO Criando cursor no banco de dados
2024-02-03 12:21:10,355 query_user 20120 19904 INFO {'results': 'Problemas do servidor ao atualizar acesso do usuario.'}
2024-02-03 12:21:10,915 query_user 20120 19904 ERROR column "last_access" of relation "tb_user" does not exist
LINE 1: UPDATE tb_user SET last_access = '2024-02-03T12:21:01.012902...
                           ^

2024-02-03 12:22:45,022 query_user 20120 19904 INFO Cursor do banco fechado
2024-02-03 12:22:45,034 log 20120 19904 ERROR Internal Server Error: /ms1/api/v1/user/login
2024-02-03 12:22:45,041 basehttp 20120 19904 INFO - Broken pipe from ('127.0.0.1', 53483)
2024-02-03 12:22:53,380 query_user 20120 5376 INFO Criando cursor no banco de dados
2024-02-03 12:22:53,390 query_user 20120 5376 INFO Executando query user_infos
2024-02-03 12:22:53,391 query_user 20120 5376 INFO Cursor do banco fechado
2024-02-03 12:22:56,819 query_user 20120 5376 INFO Atualizando ultima acesso do usuario.
2024-02-03 12:22:57,780 query_user 20120 5376 INFO Criando cursor no banco de dados
2024-02-03 12:22:58,732 query_user 20120 5376 INFO E xecutando query user_update_last_access
2024-02-03 12:23:02,253 query_user 20120 5376 INFO Cursor do banco fechado
2024-02-03 12:23:24,387 autoreload 20120 7048 INFO H:\Usuários\Codes\Alppi\Microservice_1\apps\authentication\login\views.py changed, reloading.
2024-02-03 12:23:44,954 basehttp 20120 5376 INFO "POST /ms1/api/v1/user/login HTTP/1.1" 200 907
2024-02-03 12:23:46,792 autoreload 15400 23944 INFO Watching for file changes with StatReloader
