2024-02-02 21:22:08,368 autoreload 14036 23988 INFO Watching for file changes with StatReloader
2024-02-02 21:22:18,475 autoreload 10820 19512 INFO Watching for file changes with StatReloader
2024-02-02 21:22:19,547 basehttp 10820 17648 INFO "GET / HTTP/1.1" 200 10629
2024-02-02 21:22:19,722 basehttp 10820 17648 INFO "GET /favicon.ico HTTP/1.1" 200 10629
2024-02-02 21:22:43,059 autoreload 11876 9844 INFO Watching for file changes with StatReloader
2024-02-02 21:24:49,742 autoreload 500 9648 INFO Watching for file changes with StatReloader
2024-02-02 21:24:52,004 basehttp 500 4608 INFO "GET / HTTP/1.1" 200 10629
2024-02-02 21:24:52,151 basehttp 500 4608 INFO "GET /favicon.ico HTTP/1.1" 200 10629
2024-02-02 21:24:58,527 basehttp 500 4608 INFO "GET /admin HTTP/1.1" 200 10629
2024-02-02 21:24:58,632 basehttp 500 4608 INFO "GET /favicon.ico HTTP/1.1" 200 10629
2024-02-02 21:25:01,494 basehttp 500 4608 INFO "GET /admin/ HTTP/1.1" 200 10629
2024-02-02 21:25:01,565 basehttp 500 4608 INFO "GET /favicon.ico HTTP/1.1" 200 10629
2024-02-02 21:28:54,546 autoreload 500 9648 INFO H:\Usuários\Codes\Alppi\Microservice_1\config\urls.py changed, reloading.
2024-02-02 21:28:55,207 autoreload 20836 8400 INFO Watching for file changes with StatReloader
2024-02-02 21:29:59,251 autoreload 21108 24512 INFO Watching for file changes with StatReloader
2024-02-02 21:30:16,174 autoreload 17624 22076 INFO Watching for file changes with StatReloader
2024-02-02 21:32:03,737 autoreload 16800 22840 INFO Watching for file changes with StatReloader
2024-02-02 21:34:13,270 autoreload 22448 16972 INFO Watching for file changes with StatReloader
2024-02-02 21:35:26,021 autoreload 15772 14064 INFO Watching for file changes with StatReloader
2024-02-02 21:36:01,985 autoreload 12420 19988 INFO Watching for file changes with StatReloader
2024-02-02 21:36:26,262 autoreload 18360 1236 INFO Watching for file changes with StatReloader
2024-02-02 21:43:08,513 autoreload 15156 7384 INFO Watching for file changes with StatReloader
2024-02-02 21:50:10,947 autoreload 19712 14064 INFO Watching for file changes with StatReloader
2024-02-02 22:16:46,830 autoreload 2948 8616 INFO Watching for file changes with StatReloader
