2024-02-05 08:22:01,448 autoreload 21676 14416 INFO Watching for file changes with StatReloader
2024-02-05 08:22:54,310 autoreload 8488 1496 INFO Watching for file changes with StatReloader
2024-02-05 08:22:58,307 query_user 8488 2372 INFO Criando cursor no banco de dados
2024-02-05 08:22:58,327 query_user 8488 2372 INFO Executando query user_infos
2024-02-05 08:22:58,327 query_user 8488 2372 INFO Cursor do banco fechado
2024-02-05 08:22:58,646 query_user 8488 2372 INFO Atualizando ultima acesso do usuario.
2024-02-05 08:22:58,646 query_user 8488 2372 INFO Criando cursor no banco de dados
2024-02-05 08:22:58,679 query_user 8488 2372 INFO E xecutando query user_update_last_access
2024-02-05 08:22:58,679 query_user 8488 2372 INFO Cursor do banco fechado
2024-02-05 08:22:59,072 basehttp 8488 2372 INFO "POST /ms1/api/v1/user/login HTTP/1.1" 200 938
2024-02-05 08:27:07,207 autoreload 8488 1496 INFO H:\Usuários\Codes\Alppi\Microservice_1\config\settings.py changed, reloading.
2024-02-05 08:27:07,912 autoreload 9708 12900 INFO Watching for file changes with StatReloader
2024-02-05 09:26:15,094 autoreload 22428 7196 INFO Watching for file changes with StatReloader
2024-02-05 09:26:21,343 query_user 22428 21936 INFO Criando cursor no banco de dados
2024-02-05 09:26:21,362 query_user 22428 21936 INFO Executando query user_infos
2024-02-05 09:26:21,363 query_user 22428 21936 INFO Cursor do banco fechado
2024-02-05 09:26:21,600 query_user 22428 21936 INFO Atualizando ultima acesso do usuario.
2024-02-05 09:26:21,600 query_user 22428 21936 INFO Criando cursor no banco de dados
2024-02-05 09:26:21,604 query_user 22428 21936 INFO E xecutando query user_update_last_access
2024-02-05 09:26:21,605 query_user 22428 21936 INFO Cursor do banco fechado
2024-02-05 09:26:21,959 basehttp 22428 21936 INFO "POST /ms1/api/v1/user/login HTTP/1.1" 200 938
2024-02-05 21:20:39,715 autoreload 6708 14000 INFO Watching for file changes with StatReloader
2024-02-05 22:25:06,176 autoreload 6708 14000 INFO H:\Usuários\Codes\Alppi\Microservice_1\apps\authentication\login\views.py changed, reloading.
2024-02-05 22:25:06,873 autoreload 7032 21056 INFO Watching for file changes with StatReloader
2024-02-05 22:25:11,552 autoreload 7032 21056 INFO H:\Usuários\Codes\Alppi\Microservice_1\apps\authentication\login\views.py changed, reloading.
2024-02-05 22:25:12,146 autoreload 18204 25676 INFO Watching for file changes with StatReloader
2024-02-05 22:25:13,500 autoreload 18204 25676 INFO H:\Usuários\Codes\Alppi\Microservice_1\apps\authentication\login\views.py changed, reloading.
2024-02-05 22:25:14,078 autoreload 7852 5444 INFO Watching for file changes with StatReloader
2024-02-05 22:25:16,451 autoreload 7852 5444 INFO H:\Usuários\Codes\Alppi\Microservice_1\apps\authentication\login\views.py changed, reloading.
2024-02-05 22:25:17,025 autoreload 11372 7732 INFO Watching for file changes with StatReloader
2024-02-05 22:25:20,480 autoreload 11372 7732 INFO H:\Usuários\Codes\Alppi\Microservice_1\apps\authentication\login\views.py changed, reloading.
2024-02-05 22:25:21,072 autoreload 25104 5812 INFO Watching for file changes with StatReloader
2024-02-05 22:25:23,637 autoreload 25104 5812 INFO H:\Usuários\Codes\Alppi\Microservice_1\apps\authentication\login\views.py changed, reloading.
2024-02-05 22:25:24,226 autoreload 21852 4680 INFO Watching for file changes with StatReloader
2024-02-05 22:25:25,584 autoreload 21852 4680 INFO H:\Usuários\Codes\Alppi\Microservice_1\apps\authentication\login\views.py changed, reloading.
2024-02-05 22:25:26,187 autoreload 19016 14956 INFO Watching for file changes with StatReloader
2024-02-05 22:26:17,223 autoreload 19016 14956 INFO H:\Usuários\Codes\Alppi\Microservice_1\apps\authentication\modules\views.py changed, reloading.
2024-02-05 22:26:17,828 autoreload 12976 13296 INFO Watching for file changes with StatReloader
2024-02-05 22:26:21,323 autoreload 12976 13296 INFO H:\Usuários\Codes\Alppi\Microservice_1\apps\authentication\modules\views.py changed, reloading.
2024-02-05 22:26:21,924 autoreload 13724 24168 INFO Watching for file changes with StatReloader
2024-02-05 22:26:23,283 autoreload 13724 24168 INFO H:\Usuários\Codes\Alppi\Microservice_1\apps\authentication\modules\views.py changed, reloading.
2024-02-05 22:26:23,874 autoreload 25292 8676 INFO Watching for file changes with StatReloader
2024-02-05 22:26:36,257 autoreload 25292 8676 INFO H:\Usuários\Codes\Alppi\Microservice_1\apps\authentication\modules\views.py changed, reloading.
2024-02-05 22:26:36,864 autoreload 22364 13168 INFO Watching for file changes with StatReloader
2024-02-05 22:26:55,495 autoreload 22364 13168 INFO H:\Usuários\Codes\Alppi\Microservice_1\apps\authentication\modules\views.py changed, reloading.
2024-02-05 22:26:56,109 autoreload 24052 6868 INFO Watching for file changes with StatReloader
2024-02-05 22:26:59,958 autoreload 24052 6868 INFO H:\Usuários\Codes\Alppi\Microservice_1\apps\authentication\modules\views.py changed, reloading.
2024-02-05 22:27:00,539 autoreload 4572 18784 INFO Watching for file changes with StatReloader
2024-02-05 22:27:06,202 autoreload 4572 18784 INFO H:\Usuários\Codes\Alppi\Microservice_1\apps\authentication\modules\views.py changed, reloading.
2024-02-05 22:27:06,796 autoreload 8656 26136 INFO Watching for file changes with StatReloader
2024-02-05 22:27:16,644 autoreload 8656 26136 INFO H:\Usuários\Codes\Alppi\Microservice_1\apps\authentication\modules\views.py changed, reloading.
2024-02-05 22:27:17,251 autoreload 20544 13372 INFO Watching for file changes with StatReloader
2024-02-05 22:27:19,655 autoreload 20544 13372 INFO H:\Usuários\Codes\Alppi\Microservice_1\apps\authentication\modules\views.py changed, reloading.
2024-02-05 22:27:20,291 autoreload 9028 6700 INFO Watching for file changes with StatReloader
2024-02-05 22:27:26,892 autoreload 9028 6700 INFO H:\Usuários\Codes\Alppi\Microservice_1\apps\authentication\modules\views.py changed, reloading.
2024-02-05 22:27:27,489 autoreload 26344 8944 INFO Watching for file changes with StatReloader
2024-02-05 22:27:29,276 autoreload 26344 8944 INFO H:\Usuários\Codes\Alppi\Microservice_1\apps\authentication\modules\views.py changed, reloading.
2024-02-05 22:27:29,882 autoreload 4908 18660 INFO Watching for file changes with StatReloader
2024-02-05 22:27:34,745 autoreload 4908 18660 INFO H:\Usuários\Codes\Alppi\Microservice_1\apps\authentication\modules\views.py changed, reloading.
2024-02-05 22:27:35,317 autoreload 10468 21836 INFO Watching for file changes with StatReloader
2024-02-05 22:27:39,126 autoreload 10468 21836 INFO H:\Usuários\Codes\Alppi\Microservice_1\apps\authentication\modules\views.py changed, reloading.
2024-02-05 22:27:39,738 autoreload 9240 8220 INFO Watching for file changes with StatReloader
2024-02-05 22:27:41,451 autoreload 9240 8220 INFO H:\Usuários\Codes\Alppi\Microservice_1\apps\authentication\modules\views.py changed, reloading.
2024-02-05 22:27:42,018 autoreload 14728 16208 INFO Watching for file changes with StatReloader
2024-02-05 22:27:45,832 autoreload 14728 16208 INFO H:\Usuários\Codes\Alppi\Microservice_1\apps\authentication\modules\views.py changed, reloading.
2024-02-05 22:27:46,411 autoreload 19644 23756 INFO Watching for file changes with StatReloader
2024-02-05 22:27:55,169 autoreload 19644 23756 INFO H:\Usuários\Codes\Alppi\Microservice_1\apps\authentication\modules\views.py changed, reloading.
2024-02-05 22:27:55,762 autoreload 1640 2256 INFO Watching for file changes with StatReloader
2024-02-05 22:28:00,639 autoreload 1640 2256 INFO H:\Usuários\Codes\Alppi\Microservice_1\apps\authentication\modules\views.py changed, reloading.
2024-02-05 22:28:01,220 autoreload 21624 8560 INFO Watching for file changes with StatReloader
2024-02-05 22:28:03,663 autoreload 21624 8560 INFO H:\Usuários\Codes\Alppi\Microservice_1\apps\authentication\modules\views.py changed, reloading.
2024-02-05 22:28:04,246 autoreload 19012 15184 INFO Watching for file changes with StatReloader
2024-02-05 22:28:05,960 autoreload 19012 15184 INFO H:\Usuários\Codes\Alppi\Microservice_1\apps\authentication\modules\views.py changed, reloading.
2024-02-05 22:28:06,542 autoreload 22436 10448 INFO Watching for file changes with StatReloader
2024-02-05 22:28:10,400 autoreload 22436 10448 INFO H:\Usuários\Codes\Alppi\Microservice_1\apps\authentication\modules\views.py changed, reloading.
2024-02-05 22:28:10,985 autoreload 21568 10668 INFO Watching for file changes with StatReloader
2024-02-05 22:28:15,496 autoreload 21568 10668 INFO H:\Usuários\Codes\Alppi\Microservice_1\apps\authentication\modules\views.py changed, reloading.
2024-02-05 22:28:16,097 autoreload 6336 20808 INFO Watching for file changes with StatReloader
2024-02-05 22:28:29,152 autoreload 6336 20808 INFO H:\Usuários\Codes\Alppi\Microservice_1\apps\authentication\login\views.py changed, reloading.
2024-02-05 22:28:29,725 autoreload 7372 14140 INFO Watching for file changes with StatReloader
2024-02-05 22:28:39,948 autoreload 7372 14140 INFO H:\Usuários\Codes\Alppi\Microservice_1\apps\authentication\login\views.py changed, reloading.
2024-02-05 22:28:40,559 autoreload 22008 24260 INFO Watching for file changes with StatReloader
2024-02-05 22:28:43,011 autoreload 22008 24260 INFO H:\Usuários\Codes\Alppi\Microservice_1\apps\authentication\login\views.py changed, reloading.
2024-02-05 22:28:43,590 autoreload 8136 9316 INFO Watching for file changes with StatReloader
2024-02-05 22:28:45,984 autoreload 8136 9316 INFO H:\Usuários\Codes\Alppi\Microservice_1\apps\authentication\login\views.py changed, reloading.
2024-02-05 22:28:46,588 autoreload 14628 12648 INFO Watching for file changes with StatReloader
2024-02-05 22:29:03,778 autoreload 14628 12648 INFO H:\Usuários\Codes\Alppi\Microservice_1\apps\authentication\login\views.py changed, reloading.
2024-02-05 22:29:04,377 autoreload 14904 12568 INFO Watching for file changes with StatReloader
2024-02-05 22:29:06,791 autoreload 14904 12568 INFO H:\Usuários\Codes\Alppi\Microservice_1\apps\authentication\login\views.py changed, reloading.
2024-02-05 22:29:07,407 autoreload 12064 5248 INFO Watching for file changes with StatReloader
2024-02-05 22:29:12,089 autoreload 12064 5248 INFO H:\Usuários\Codes\Alppi\Microservice_1\apps\authentication\login\views.py changed, reloading.
2024-02-05 22:29:12,681 autoreload 3220 26232 INFO Watching for file changes with StatReloader
2024-02-05 22:29:22,736 autoreload 3220 26232 INFO H:\Usuários\Codes\Alppi\Microservice_1\apps\authentication\login\views.py changed, reloading.
2024-02-05 22:29:23,585 autoreload 24632 7120 INFO Watching for file changes with StatReloader
2024-02-05 22:29:25,178 autoreload 24632 7120 INFO H:\Usuários\Codes\Alppi\Microservice_1\apps\authentication\login\views.py changed, reloading.
2024-02-05 22:29:25,875 autoreload 11508 19364 INFO Watching for file changes with StatReloader
2024-02-05 22:29:27,257 autoreload 11508 19364 INFO H:\Usuários\Codes\Alppi\Microservice_1\apps\authentication\login\views.py changed, reloading.
2024-02-05 22:29:28,140 autoreload 23408 22860 INFO Watching for file changes with StatReloader
2024-02-05 22:29:32,698 autoreload 23408 22860 INFO H:\Usuários\Codes\Alppi\Microservice_1\apps\authentication\login\views.py changed, reloading.
2024-02-05 22:29:33,423 autoreload 19800 18100 INFO Watching for file changes with StatReloader
2024-02-05 22:29:35,803 autoreload 19800 18100 INFO H:\Usuários\Codes\Alppi\Microservice_1\apps\authentication\login\views.py changed, reloading.
2024-02-05 22:29:36,393 autoreload 10568 15164 INFO Watching for file changes with StatReloader
2024-02-05 22:29:45,600 autoreload 10568 15164 INFO H:\Usuários\Codes\Alppi\Microservice_1\apps\authentication\modules\views.py changed, reloading.
2024-02-05 22:29:46,219 autoreload 14904 5436 INFO Watching for file changes with StatReloader
2024-02-05 22:29:49,719 autoreload 14904 5436 INFO H:\Usuários\Codes\Alppi\Microservice_1\apps\authentication\login\views.py changed, reloading.
2024-02-05 22:29:50,355 autoreload 11800 15724 INFO Watching for file changes with StatReloader
2024-02-05 22:29:53,822 autoreload 11800 15724 INFO H:\Usuários\Codes\Alppi\Microservice_1\apps\authentication\login\views.py changed, reloading.
2024-02-05 22:29:54,435 autoreload 15340 1156 INFO Watching for file changes with StatReloader
2024-02-05 22:29:58,275 autoreload 15340 1156 INFO H:\Usuários\Codes\Alppi\Microservice_1\apps\authentication\login\views.py changed, reloading.
2024-02-05 22:29:58,882 autoreload 14296 19264 INFO Watching for file changes with StatReloader
2024-02-05 22:30:01,687 autoreload 14296 19264 INFO H:\Usuários\Codes\Alppi\Microservice_1\apps\authentication\login\views.py changed, reloading.
2024-02-05 22:30:02,343 autoreload 10124 16332 INFO Watching for file changes with StatReloader
2024-02-05 22:30:19,382 query_user 10124 20012 INFO Criando cursor no banco de dados
2024-02-05 22:30:19,402 query_user 10124 20012 INFO Executando query user_infos
2024-02-05 22:30:19,402 query_user 10124 20012 INFO Cursor do banco fechado
2024-02-05 22:30:19,660 query_user 10124 20012 INFO Atualizando ultima acesso do usuario.
2024-02-05 22:30:19,660 query_user 10124 20012 INFO Criando cursor no banco de dados
2024-02-05 22:30:19,675 query_user 10124 20012 INFO E xecutando query user_update_last_access
2024-02-05 22:30:19,675 query_user 10124 20012 INFO Cursor do banco fechado
2024-02-05 22:30:20,033 views 10124 20012 ERROR Problemas do servidor ao autenticar usuario.
2024-02-05 22:30:20,035 views 10124 20012 ERROR SystemModules.get_modules() missing 1 required positional argument: 'self'
2024-02-05 22:30:20,036 log 10124 20012 ERROR Internal Server Error: /ms1/api/v1/user/login
2024-02-05 22:30:20,037 basehttp 10124 20012 ERROR "POST /ms1/api/v1/user/login HTTP/1.1" 500 59
2024-02-05 22:30:29,857 autoreload 10124 16332 INFO H:\Usuários\Codes\Alppi\Microservice_1\apps\authentication\login\views.py changed, reloading.
2024-02-05 22:30:30,429 autoreload 16204 2120 INFO Watching for file changes with StatReloader
2024-02-05 22:30:36,383 autoreload 16204 2120 INFO H:\Usuários\Codes\Alppi\Microservice_1\apps\authentication\modules\views.py changed, reloading.
2024-02-05 22:30:37,032 autoreload 6604 10492 INFO Watching for file changes with StatReloader
2024-02-05 22:30:39,986 autoreload 6604 10492 INFO H:\Usuários\Codes\Alppi\Microservice_1\apps\authentication\login\views.py changed, reloading.
2024-02-05 22:30:40,576 autoreload 17144 3364 INFO Watching for file changes with StatReloader
2024-02-05 22:30:42,764 query_user 17144 23336 INFO Criando cursor no banco de dados
2024-02-05 22:30:42,784 query_user 17144 23336 INFO Executando query user_infos
2024-02-05 22:30:42,784 query_user 17144 23336 INFO Cursor do banco fechado
2024-02-05 22:30:43,021 query_user 17144 23336 INFO Atualizando ultima acesso do usuario.
2024-02-05 22:30:43,021 query_user 17144 23336 INFO Criando cursor no banco de dados
2024-02-05 22:30:43,024 query_user 17144 23336 INFO E xecutando query user_update_last_access
2024-02-05 22:30:43,024 query_user 17144 23336 INFO Cursor do banco fechado
2024-02-05 22:30:43,268 views 17144 23336 ERROR Problemas do servidor ao autenticar usuario.
2024-02-05 22:30:43,268 views 17144 23336 ERROR SystemModules.get_modules() missing 1 required positional argument: 'self'
2024-02-05 22:30:43,269 log 17144 23336 ERROR Internal Server Error: /ms1/api/v1/user/login
2024-02-05 22:30:43,269 basehttp 17144 23336 ERROR "POST /ms1/api/v1/user/login HTTP/1.1" 500 59
2024-02-05 22:30:48,869 autoreload 17144 3364 INFO H:\Usuários\Codes\Alppi\Microservice_1\apps\authentication\login\views.py changed, reloading.
2024-02-05 22:30:49,479 autoreload 9344 1420 INFO Watching for file changes with StatReloader
2024-02-05 22:30:50,597 query_user 9344 2780 INFO Criando cursor no banco de dados
2024-02-05 22:30:50,625 query_user 9344 2780 INFO Executando query user_infos
2024-02-05 22:30:50,625 query_user 9344 2780 INFO Cursor do banco fechado
2024-02-05 22:30:50,865 query_user 9344 2780 INFO Atualizando ultima acesso do usuario.
2024-02-05 22:30:50,865 query_user 9344 2780 INFO Criando cursor no banco de dados
2024-02-05 22:30:50,867 query_user 9344 2780 INFO E xecutando query user_update_last_access
2024-02-05 22:30:50,868 query_user 9344 2780 INFO Cursor do banco fechado
2024-02-05 22:30:51,129 basehttp 9344 2780 INFO "POST /ms1/api/v1/user/login HTTP/1.1" 200 1744
2024-02-05 22:31:08,364 autoreload 9344 1420 INFO H:\Usuários\Codes\Alppi\Microservice_1\apps\authentication\modules\views.py changed, reloading.
2024-02-05 22:31:08,996 autoreload 15356 15416 INFO Watching for file changes with StatReloader
2024-02-05 22:31:10,392 autoreload 15356 15416 INFO H:\Usuários\Codes\Alppi\Microservice_1\apps\authentication\modules\views.py changed, reloading.
2024-02-05 22:31:10,976 autoreload 12676 3288 INFO Watching for file changes with StatReloader
2024-02-05 22:31:18,004 autoreload 12676 3288 INFO H:\Usuários\Codes\Alppi\Microservice_1\apps\authentication\modules\views.py changed, reloading.
2024-02-05 22:31:18,604 autoreload 17588 10124 INFO Watching for file changes with StatReloader
2024-02-05 22:31:23,538 autoreload 17588 10124 INFO H:\Usuários\Codes\Alppi\Microservice_1\apps\authentication\modules\views.py changed, reloading.
2024-02-05 22:31:24,114 autoreload 15560 22180 INFO Watching for file changes with StatReloader
2024-02-05 22:31:27,950 autoreload 15560 22180 INFO H:\Usuários\Codes\Alppi\Microservice_1\apps\authentication\modules\views.py changed, reloading.
2024-02-05 22:31:28,533 autoreload 292 17924 INFO Watching for file changes with StatReloader
2024-02-05 22:31:41,928 autoreload 292 17924 INFO H:\Usuários\Codes\Alppi\Microservice_1\apps\authentication\modules\views.py changed, reloading.
2024-02-05 22:31:42,545 autoreload 4808 12632 INFO Watching for file changes with StatReloader
2024-02-05 22:31:44,272 autoreload 4808 12632 INFO H:\Usuários\Codes\Alppi\Microservice_1\apps\authentication\modules\views.py changed, reloading.
2024-02-05 22:31:44,926 autoreload 13292 20872 INFO Watching for file changes with StatReloader
2024-02-05 22:31:47,379 autoreload 13292 20872 INFO H:\Usuários\Codes\Alppi\Microservice_1\apps\authentication\modules\views.py changed, reloading.
2024-02-05 22:31:47,984 autoreload 12832 1156 INFO Watching for file changes with StatReloader
2024-02-05 22:31:56,766 autoreload 12832 1156 INFO H:\Usuários\Codes\Alppi\Microservice_1\apps\authentication\modules\views.py changed, reloading.
2024-02-05 22:31:57,379 autoreload 11460 19684 INFO Watching for file changes with StatReloader
2024-02-05 22:32:04,056 autoreload 11460 19684 INFO H:\Usuários\Codes\Alppi\Microservice_1\apps\authentication\modules\views.py changed, reloading.
2024-02-05 22:32:04,648 autoreload 17676 22400 INFO Watching for file changes with StatReloader
2024-02-05 22:32:49,876 autoreload 17676 22400 INFO H:\Usuários\Codes\Alppi\Microservice_1\apps\authentication\modules\views.py changed, reloading.
2024-02-05 22:32:50,464 autoreload 2200 11400 INFO Watching for file changes with StatReloader
2024-02-05 22:32:51,845 autoreload 2200 11400 INFO H:\Usuários\Codes\Alppi\Microservice_1\apps\authentication\modules\views.py changed, reloading.
2024-02-05 22:32:52,400 autoreload 21144 10752 INFO Watching for file changes with StatReloader
2024-02-05 22:32:56,955 autoreload 21144 10752 INFO H:\Usuários\Codes\Alppi\Microservice_1\apps\authentication\modules\views.py changed, reloading.
2024-02-05 22:32:57,565 autoreload 13296 14980 INFO Watching for file changes with StatReloader
2024-02-05 22:32:59,299 autoreload 13296 14980 INFO H:\Usuários\Codes\Alppi\Microservice_1\apps\authentication\modules\views.py changed, reloading.
2024-02-05 22:32:59,872 autoreload 14072 7532 INFO Watching for file changes with StatReloader
2024-02-05 22:35:10,821 autoreload 3376 8504 INFO Watching for file changes with StatReloader
2024-02-05 22:36:24,411 autoreload 14072 7532 INFO H:\Usuários\Codes\Alppi\Microservice_1\apps\authentication\modules\views.py changed, reloading.
2024-02-05 22:36:24,996 autoreload 8024 20592 INFO Watching for file changes with StatReloader
2024-02-05 22:36:26,397 autoreload 8024 20592 INFO H:\Usuários\Codes\Alppi\Microservice_1\apps\authentication\modules\views.py changed, reloading.
2024-02-05 22:36:26,955 autoreload 23696 3800 INFO Watching for file changes with StatReloader
2024-02-05 22:36:29,406 autoreload 23696 3800 INFO H:\Usuários\Codes\Alppi\Microservice_1\apps\authentication\modules\views.py changed, reloading.
2024-02-05 22:36:29,988 autoreload 21980 7176 INFO Watching for file changes with StatReloader
2024-02-05 22:36:31,390 autoreload 21980 7176 INFO H:\Usuários\Codes\Alppi\Microservice_1\apps\authentication\modules\views.py changed, reloading.
2024-02-05 22:36:31,989 autoreload 6712 22840 INFO Watching for file changes with StatReloader
2024-02-05 22:36:37,570 autoreload 6712 22840 INFO H:\Usuários\Codes\Alppi\Microservice_1\apps\authentication\modules\views.py changed, reloading.
2024-02-05 22:36:38,169 autoreload 20424 17124 INFO Watching for file changes with StatReloader
2024-02-05 22:36:41,641 autoreload 20424 17124 INFO H:\Usuários\Codes\Alppi\Microservice_1\apps\authentication\modules\views.py changed, reloading.
2024-02-05 22:36:42,215 autoreload 15156 26168 INFO Watching for file changes with StatReloader
2024-02-05 22:36:45,697 autoreload 15156 26168 INFO H:\Usuários\Codes\Alppi\Microservice_1\apps\authentication\modules\views.py changed, reloading.
2024-02-05 22:36:46,326 autoreload 4992 9152 INFO Watching for file changes with StatReloader
2024-02-05 22:36:51,929 autoreload 4992 9152 INFO H:\Usuários\Codes\Alppi\Microservice_1\apps\authentication\modules\views.py changed, reloading.
2024-02-05 22:36:52,537 autoreload 26592 6524 INFO Watching for file changes with StatReloader
2024-02-05 22:36:54,264 autoreload 26592 6524 INFO H:\Usuários\Codes\Alppi\Microservice_1\apps\authentication\modules\views.py changed, reloading.
2024-02-05 22:36:54,844 autoreload 5500 24488 INFO Watching for file changes with StatReloader
2024-02-05 22:36:58,671 autoreload 5500 24488 INFO H:\Usuários\Codes\Alppi\Microservice_1\apps\authentication\modules\views.py changed, reloading.
2024-02-05 22:36:59,239 autoreload 12996 17036 INFO Watching for file changes with StatReloader
2024-02-05 22:37:05,257 autoreload 12996 17036 INFO H:\Usuários\Codes\Alppi\Microservice_1\apps\authentication\modules\views.py changed, reloading.
2024-02-05 22:37:05,837 autoreload 14104 21716 INFO Watching for file changes with StatReloader
2024-02-05 22:37:08,616 autoreload 14104 21716 INFO H:\Usuários\Codes\Alppi\Microservice_1\apps\authentication\modules\views.py changed, reloading.
2024-02-05 22:37:09,216 autoreload 23040 17476 INFO Watching for file changes with StatReloader
2024-02-05 22:55:23,847 autoreload 8852 23000 INFO Watching for file changes with StatReloader
2024-02-05 22:55:30,681 log 8852 22700 WARNING Not Found: /ms1/api/v1modules/update
2024-02-05 22:55:30,683 basehttp 8852 22700 WARNING "GET /ms1/api/v1modules/update HTTP/1.1" 404 2201
2024-02-05 22:55:39,832 query_campus 8852 22700 INFO Capturando CNPJ do campus.
2024-02-05 22:55:45,702 query_campus 8852 22700 INFO Criando cursor no banco de dados
2024-02-05 22:55:46,976 query_campus 8852 22700 INFO Executando query get_campus_cnpj
2024-02-05 22:55:56,059 query_campus 8852 22700 INFO Cursor do banco fechado
2024-02-05 22:55:56,338 log 8852 22700 ERROR Internal Server Error: /ms1/api/v1/modules/update
Traceback (most recent call last):
  File "H:\Usuários\Codes\Alppi\venv_ms1\Lib\site-packages\django\core\handlers\exception.py", line 55, in inner
    response = get_response(request)
               ^^^^^^^^^^^^^^^^^^^^^
  File "H:\Usuários\Codes\Alppi\venv_ms1\Lib\site-packages\django\core\handlers\base.py", line 197, in _get_response
    response = wrapped_callback(request, *callback_args, **callback_kwargs)
               ^^^^^^^^^^^^^^^^^^^^^^^^^^^^^^^^^^^^^^^^^^^^^^^^^^^^^^^^^^^^
  File "H:\Usuários\Codes\Alppi\venv_ms1\Lib\site-packages\django\views\decorators\csrf.py", line 65, in _view_wrapper
    return view_func(request, *args, **kwargs)
           ^^^^^^^^^^^^^^^^^^^^^^^^^^^^^^^^^^^
  File "H:\Usuários\Codes\Alppi\venv_ms1\Lib\site-packages\django\views\generic\base.py", line 104, in view
    return self.dispatch(request, *args, **kwargs)
           ^^^^^^^^^^^^^^^^^^^^^^^^^^^^^^^^^^^^^^^
  File "H:\Usuários\Codes\Alppi\venv_ms1\Lib\site-packages\rest_framework\views.py", line 509, in dispatch
    response = self.handle_exception(exc)
               ^^^^^^^^^^^^^^^^^^^^^^^^^^
  File "H:\Usuários\Codes\Alppi\venv_ms1\Lib\site-packages\rest_framework\views.py", line 469, in handle_exception
    self.raise_uncaught_exception(exc)
  File "H:\Usuários\Codes\Alppi\venv_ms1\Lib\site-packages\rest_framework\views.py", line 480, in raise_uncaught_exception
    raise exc
  File "H:\Usuários\Codes\Alppi\venv_ms1\Lib\site-packages\rest_framework\views.py", line 506, in dispatch
    response = handler(request, *args, **kwargs)
               ^^^^^^^^^^^^^^^^^^^^^^^^^^^^^^^^^
  File "H:\Usuários\Codes\Alppi\Microservice_1\apps\authentication\modules\views.py", line 23, in get
    jwt_token = encrypt_jwt_modules(cnpj)
                ^^^^^^^^^^^^^^^^^^^^^^^^^
  File "H:\Usuários\Codes\Alppi\Microservice_1\common\jwt\jwt_encrypt.py", line 17, in encrypt_jwt_modules
    encoded = jwt.encode(payload=data, key=private_key, algorithm=RS256)
              ^^^^^^^^^^^^^^^^^^^^^^^^^^^^^^^^^^^^^^^^^^^^^^^^^^^^^^^^^^
  File "H:\Usuários\Codes\Alppi\venv_ms1\Lib\site-packages\jwt\api_jwt.py", line 55, in encode
    raise TypeError(
TypeError: Expecting a dict object, as JWT only supports JSON objects as payloads.
2024-02-05 22:55:56,353 basehttp 8852 22700 ERROR "GET /ms1/api/v1/modules/update HTTP/1.1" 500 111170
2024-02-05 22:56:15,596 autoreload 8852 23000 INFO H:\Usuários\Codes\Alppi\Microservice_1\apps\authentication\query\query_campus.py changed, reloading.
2024-02-05 22:56:17,553 autoreload 17104 18404 INFO Watching for file changes with StatReloader
2024-02-05 22:56:22,124 autoreload 17104 18404 INFO H:\Usuários\Codes\Alppi\Microservice_1\apps\authentication\query\query_campus.py changed, reloading.
2024-02-05 22:56:32,608 autoreload 15472 10820 INFO Watching for file changes with StatReloader
2024-02-05 22:56:38,225 query_campus 15472 14080 INFO Capturando CNPJ do campus.
2024-02-05 22:56:38,747 query_campus 15472 14080 INFO Criando cursor no banco de dados
2024-02-05 22:56:39,659 query_campus 15472 14080 INFO Executando query get_campus_cnpj
2024-02-05 22:56:41,985 query_campus 15472 14080 INFO Cursor do banco fechado
2024-02-05 22:56:42,882 log 15472 14080 ERROR Internal Server Error: /ms1/api/v1/modules/update
Traceback (most recent call last):
  File "H:\Usuários\Codes\Alppi\venv_ms1\Lib\site-packages\django\core\handlers\exception.py", line 55, in inner
    response = get_response(request)
               ^^^^^^^^^^^^^^^^^^^^^
  File "H:\Usuários\Codes\Alppi\venv_ms1\Lib\site-packages\django\core\handlers\base.py", line 197, in _get_response
    response = wrapped_callback(request, *callback_args, **callback_kwargs)
               ^^^^^^^^^^^^^^^^^^^^^^^^^^^^^^^^^^^^^^^^^^^^^^^^^^^^^^^^^^^^
  File "H:\Usuários\Codes\Alppi\venv_ms1\Lib\site-packages\django\views\decorators\csrf.py", line 65, in _view_wrapper
    return view_func(request, *args, **kwargs)
           ^^^^^^^^^^^^^^^^^^^^^^^^^^^^^^^^^^^
  File "H:\Usuários\Codes\Alppi\venv_ms1\Lib\site-packages\django\views\generic\base.py", line 104, in view
    return self.dispatch(request, *args, **kwargs)
           ^^^^^^^^^^^^^^^^^^^^^^^^^^^^^^^^^^^^^^^
  File "H:\Usuários\Codes\Alppi\venv_ms1\Lib\site-packages\rest_framework\views.py", line 509, in dispatch
    response = self.handle_exception(exc)
               ^^^^^^^^^^^^^^^^^^^^^^^^^^
  File "H:\Usuários\Codes\Alppi\venv_ms1\Lib\site-packages\rest_framework\views.py", line 469, in handle_exception
    self.raise_uncaught_exception(exc)
  File "H:\Usuários\Codes\Alppi\venv_ms1\Lib\site-packages\rest_framework\views.py", line 480, in raise_uncaught_exception
    raise exc
  File "H:\Usuários\Codes\Alppi\venv_ms1\Lib\site-packages\rest_framework\views.py", line 506, in dispatch
    response = handler(request, *args, **kwargs)
               ^^^^^^^^^^^^^^^^^^^^^^^^^^^^^^^^^
  File "H:\Usuários\Codes\Alppi\Microservice_1\apps\authentication\modules\views.py", line 23, in get
    jwt_token = encrypt_jwt_modules(cnpj)
                ^^^^^^^^^^^^^^^^^^^^^^^^^
  File "H:\Usuários\Codes\Alppi\Microservice_1\common\jwt\jwt_encrypt.py", line 17, in encrypt_jwt_modules
    encoded = jwt.encode(payload=data, key=private_key, algorithm=RS256)
              ^^^^^^^^^^^^^^^^^^^^^^^^^^^^^^^^^^^^^^^^^^^^^^^^^^^^^^^^^^
  File "H:\Usuários\Codes\Alppi\venv_ms1\Lib\site-packages\jwt\api_jwt.py", line 55, in encode
    raise TypeError(
TypeError: Expecting a dict object, as JWT only supports JSON objects as payloads.
2024-02-05 22:56:42,899 basehttp 15472 14080 ERROR "GET /ms1/api/v1/modules/update HTTP/1.1" 500 111497
2024-02-05 22:56:56,617 autoreload 15472 10820 INFO H:\Usuários\Codes\Alppi\Microservice_1\apps\authentication\modules\views.py changed, reloading.
2024-02-05 22:57:28,839 autoreload 8352 6708 INFO Watching for file changes with StatReloader
2024-02-05 22:57:33,278 query_campus 8352 4948 INFO Capturando CNPJ do campus.
2024-02-05 22:57:33,752 query_campus 8352 4948 INFO Criando cursor no banco de dados
2024-02-05 22:57:34,481 query_campus 8352 4948 INFO Executando query get_campus_cnpj
2024-02-05 22:57:38,577 query_campus 8352 4948 INFO Cursor do banco fechado
2024-02-05 22:57:55,710 autoreload 8352 6708 INFO H:\Usuários\Codes\Alppi\Microservice_1\apps\authentication\modules\views.py changed, reloading.
2024-02-05 22:58:11,923 log 8352 4948 ERROR Internal Server Error: /ms1/api/v1/modules/update
Traceback (most recent call last):
  File "H:\Usuários\Codes\Alppi\venv_ms1\Lib\site-packages\django\core\handlers\exception.py", line 55, in inner
    response = get_response(request)
               ^^^^^^^^^^^^^^^^^^^^^
  File "H:\Usuários\Codes\Alppi\venv_ms1\Lib\site-packages\django\core\handlers\base.py", line 197, in _get_response
    response = wrapped_callback(request, *callback_args, **callback_kwargs)
               ^^^^^^^^^^^^^^^^^^^^^^^^^^^^^^^^^^^^^^^^^^^^^^^^^^^^^^^^^^^^
  File "H:\Usuários\Codes\Alppi\venv_ms1\Lib\site-packages\django\views\decorators\csrf.py", line 65, in _view_wrapper
    return view_func(request, *args, **kwargs)
           ^^^^^^^^^^^^^^^^^^^^^^^^^^^^^^^^^^^
  File "H:\Usuários\Codes\Alppi\venv_ms1\Lib\site-packages\django\views\generic\base.py", line 104, in view
    return self.dispatch(request, *args, **kwargs)
           ^^^^^^^^^^^^^^^^^^^^^^^^^^^^^^^^^^^^^^^
  File "H:\Usuários\Codes\Alppi\venv_ms1\Lib\site-packages\rest_framework\views.py", line 509, in dispatch
    response = self.handle_exception(exc)
               ^^^^^^^^^^^^^^^^^^^^^^^^^^
  File "H:\Usuários\Codes\Alppi\venv_ms1\Lib\site-packages\rest_framework\views.py", line 469, in handle_exception
    self.raise_uncaught_exception(exc)
  File "H:\Usuários\Codes\Alppi\venv_ms1\Lib\site-packages\rest_framework\views.py", line 480, in raise_uncaught_exception
    raise exc
  File "H:\Usuários\Codes\Alppi\venv_ms1\Lib\site-packages\rest_framework\views.py", line 506, in dispatch
    response = handler(request, *args, **kwargs)
               ^^^^^^^^^^^^^^^^^^^^^^^^^^^^^^^^^
  File "H:\Usuários\Codes\Alppi\Microservice_1\apps\authentication\modules\views.py", line 23, in get
    return has_error
                     
TypeError: unhashable type: 'dict'
2024-02-05 22:58:11,942 basehttp 8352 4948 ERROR "GET /ms1/api/v1/modules/update HTTP/1.1" 500 99329
2024-02-05 22:58:14,566 autoreload 18424 25860 INFO Watching for file changes with StatReloader
2024-02-05 22:58:18,166 query_campus 18424 21568 INFO Capturando CNPJ do campus.
2024-02-05 22:58:18,166 query_campus 18424 21568 INFO Criando cursor no banco de dados
2024-02-05 22:58:18,176 query_campus 18424 21568 INFO Executando query get_campus_cnpj
2024-02-05 22:58:18,177 query_campus 18424 21568 INFO Cursor do banco fechado
2024-02-05 22:58:22,292 log 18424 21568 ERROR Internal Server Error: /ms1/api/v1/modules/update
Traceback (most recent call last):
  File "H:\Usuários\Codes\Alppi\venv_ms1\Lib\site-packages\django\core\handlers\exception.py", line 55, in inner
    response = get_response(request)
               ^^^^^^^^^^^^^^^^^^^^^
  File "H:\Usuários\Codes\Alppi\venv_ms1\Lib\site-packages\django\core\handlers\base.py", line 197, in _get_response
    response = wrapped_callback(request, *callback_args, **callback_kwargs)
               ^^^^^^^^^^^^^^^^^^^^^^^^^^^^^^^^^^^^^^^^^^^^^^^^^^^^^^^^^^^^
  File "H:\Usuários\Codes\Alppi\venv_ms1\Lib\site-packages\django\views\decorators\csrf.py", line 65, in _view_wrapper
    return view_func(request, *args, **kwargs)
           ^^^^^^^^^^^^^^^^^^^^^^^^^^^^^^^^^^^
  File "H:\Usuários\Codes\Alppi\venv_ms1\Lib\site-packages\django\views\generic\base.py", line 104, in view
    return self.dispatch(request, *args, **kwargs)
           ^^^^^^^^^^^^^^^^^^^^^^^^^^^^^^^^^^^^^^^
  File "H:\Usuários\Codes\Alppi\venv_ms1\Lib\site-packages\rest_framework\views.py", line 509, in dispatch
    response = self.handle_exception(exc)
               ^^^^^^^^^^^^^^^^^^^^^^^^^^
  File "H:\Usuários\Codes\Alppi\venv_ms1\Lib\site-packages\rest_framework\views.py", line 469, in handle_exception
    self.raise_uncaught_exception(exc)
  File "H:\Usuários\Codes\Alppi\venv_ms1\Lib\site-packages\rest_framework\views.py", line 480, in raise_uncaught_exception
    raise exc
  File "H:\Usuários\Codes\Alppi\venv_ms1\Lib\site-packages\rest_framework\views.py", line 506, in dispatch
    response = handler(request, *args, **kwargs)
               ^^^^^^^^^^^^^^^^^^^^^^^^^^^^^^^^^
  File "H:\Usuários\Codes\Alppi\Microservice_1\apps\authentication\modules\views.py", line 25, in get
    jwt_token = encrypt_jwt_modules({cnpj})
                                    ^^^^^^
TypeError: unhashable type: 'dict'
2024-02-05 22:58:22,307 basehttp 18424 21568 ERROR "GET /ms1/api/v1/modules/update HTTP/1.1" 500 99502
2024-02-05 22:58:29,824 autoreload 18424 25860 INFO H:\Usuários\Codes\Alppi\Microservice_1\apps\authentication\modules\views.py changed, reloading.
2024-02-05 22:58:39,516 autoreload 19620 18404 INFO Watching for file changes with StatReloader
2024-02-05 22:58:44,546 query_campus 19620 26176 INFO Capturando CNPJ do campus.
2024-02-05 22:58:44,547 query_campus 19620 26176 INFO Criando cursor no banco de dados
2024-02-05 22:58:44,558 query_campus 19620 26176 INFO Executando query get_campus_cnpj
2024-02-05 22:58:44,559 query_campus 19620 26176 INFO Cursor do banco fechado
2024-02-05 22:58:53,833 log 19620 26176 ERROR Internal Server Error: /ms1/api/v1/modules/update
Traceback (most recent call last):
  File "H:\Usuários\Codes\Alppi\venv_ms1\Lib\site-packages\rest_framework\request.py", line 416, in __getattr__
    return getattr(self._request, attr)
           ^^^^^^^^^^^^^^^^^^^^^^^^^^^^
AttributeError: 'WSGIRequest' object has no attribute 'get'

During handling of the above exception, another exception occurred:

Traceback (most recent call last):
  File "H:\Usuários\Codes\Alppi\venv_ms1\Lib\site-packages\django\core\handlers\exception.py", line 55, in inner
    response = get_response(request)
               ^^^^^^^^^^^^^^^^^^^^^
  File "H:\Usuários\Codes\Alppi\venv_ms1\Lib\site-packages\django\core\handlers\base.py", line 197, in _get_response
    response = wrapped_callback(request, *callback_args, **callback_kwargs)
               ^^^^^^^^^^^^^^^^^^^^^^^^^^^^^^^^^^^^^^^^^^^^^^^^^^^^^^^^^^^^
  File "H:\Usuários\Codes\Alppi\venv_ms1\Lib\site-packages\django\views\decorators\csrf.py", line 65, in _view_wrapper
    return view_func(request, *args, **kwargs)
           ^^^^^^^^^^^^^^^^^^^^^^^^^^^^^^^^^^^
  File "H:\Usuários\Codes\Alppi\venv_ms1\Lib\site-packages\django\views\generic\base.py", line 104, in view
    return self.dispatch(request, *args, **kwargs)
           ^^^^^^^^^^^^^^^^^^^^^^^^^^^^^^^^^^^^^^^
  File "H:\Usuários\Codes\Alppi\venv_ms1\Lib\site-packages\rest_framework\views.py", line 509, in dispatch
    response = self.handle_exception(exc)
               ^^^^^^^^^^^^^^^^^^^^^^^^^^
  File "H:\Usuários\Codes\Alppi\venv_ms1\Lib\site-packages\rest_framework\views.py", line 469, in handle_exception
    self.raise_uncaught_exception(exc)
  File "H:\Usuários\Codes\Alppi\venv_ms1\Lib\site-packages\rest_framework\views.py", line 480, in raise_uncaught_exception
    raise exc
  File "H:\Usuários\Codes\Alppi\venv_ms1\Lib\site-packages\rest_framework\views.py", line 506, in dispatch
    response = handler(request, *args, **kwargs)
               ^^^^^^^^^^^^^^^^^^^^^^^^^^^^^^^^^
  File "H:\Usuários\Codes\Alppi\Microservice_1\apps\authentication\modules\views.py", line 29, in get
    response = request.get(ALPPI_INTRANET, headers=headers)
               ^^^^^^^^^^^
  File "H:\Usuários\Codes\Alppi\venv_ms1\Lib\site-packages\rest_framework\request.py", line 418, in __getattr__
    return self.__getattribute__(attr)
           ^^^^^^^^^^^^^^^^^^^^^^^^^^^
AttributeError: 'Request' object has no attribute 'get'
2024-02-05 22:58:53,848 basehttp 19620 26176 ERROR "GET /ms1/api/v1/modules/update HTTP/1.1" 500 110100
2024-02-05 22:59:04,475 autoreload 19620 18404 INFO H:\Usuários\Codes\Alppi\Microservice_1\apps\authentication\modules\views.py changed, reloading.
2024-02-05 22:59:07,967 autoreload 24232 22960 INFO Watching for file changes with StatReloader
2024-02-05 22:59:18,082 autoreload 24232 22960 INFO H:\Usuários\Codes\Alppi\Microservice_1\apps\authentication\modules\views.py changed, reloading.
2024-02-05 23:00:33,371 query_campus 24232 6868 INFO Capturando CNPJ do campus.
2024-02-05 23:00:33,372 query_campus 24232 6868 INFO Criando cursor no banco de dados
2024-02-05 23:00:33,386 query_campus 24232 6868 INFO Executando query get_campus_cnpj
2024-02-05 23:00:33,387 query_campus 24232 6868 INFO Cursor do banco fechado
2024-02-05 23:00:33,657 log 24232 6868 WARNING Bad Request: /ms1/api/v1/modules/update
2024-02-05 23:00:33,658 basehttp 24232 6868 WARNING "GET /ms1/api/v1/modules/update HTTP/1.1" 400 72
2024-02-05 23:00:35,276 autoreload 4200 24848 INFO Watching for file changes with StatReloader
2024-02-05 23:00:38,287 query_campus 4200 9344 INFO Capturando CNPJ do campus.
2024-02-05 23:00:38,288 query_campus 4200 9344 INFO Criando cursor no banco de dados
2024-02-05 23:00:38,297 query_campus 4200 9344 INFO Executando query get_campus_cnpj
2024-02-05 23:00:38,298 query_campus 4200 9344 INFO Cursor do banco fechado
2024-02-05 23:00:44,439 autoreload 4200 24848 INFO H:\Usuários\Codes\Alppi\Microservice_1\apps\authentication\modules\views.py changed, reloading.
2024-02-05 23:01:17,281 log 4200 9344 WARNING Bad Request: /ms1/api/v1/modules/update
2024-02-05 23:01:17,284 basehttp 4200 9344 WARNING "GET /ms1/api/v1/modules/update HTTP/1.1" 400 72
2024-02-05 23:01:19,234 autoreload 15392 26016 INFO Watching for file changes with StatReloader
2024-02-05 23:01:25,442 query_campus 15392 348 INFO Capturando CNPJ do campus.
2024-02-05 23:01:25,443 query_campus 15392 348 INFO Criando cursor no banco de dados
2024-02-05 23:01:25,459 query_campus 15392 348 INFO Executando query get_campus_cnpj
2024-02-05 23:01:25,460 query_campus 15392 348 INFO Cursor do banco fechado
2024-02-05 23:01:54,261 log 15392 348 WARNING Bad Request: /ms1/api/v1/modules/update
2024-02-05 23:01:54,266 basehttp 15392 348 WARNING "GET /ms1/api/v1/modules/update HTTP/1.1" 400 72
2024-02-05 23:02:13,204 query_campus 15392 348 INFO Capturando CNPJ do campus.
2024-02-05 23:02:13,205 query_campus 15392 348 INFO Criando cursor no banco de dados
2024-02-05 23:02:13,233 query_campus 15392 348 INFO Executando query get_campus_cnpj
2024-02-05 23:02:13,233 query_campus 15392 348 INFO Cursor do banco fechado
2024-02-05 23:03:32,024 autoreload 15392 26016 INFO H:\Usuários\Codes\Alppi\Microservice_1\apps\authentication\modules\views.py changed, reloading.
2024-02-05 23:03:35,801 autoreload 17144 9272 INFO Watching for file changes with StatReloader
2024-02-05 23:03:48,316 query_campus 17144 13924 INFO Capturando CNPJ do campus.
2024-02-05 23:03:48,319 query_campus 17144 13924 INFO Criando cursor no banco de dados
2024-02-05 23:03:48,335 query_campus 17144 13924 INFO Executando query get_campus_cnpj
2024-02-05 23:03:48,336 query_campus 17144 13924 INFO Cursor do banco fechado
2024-02-05 23:04:07,108 log 17144 13924 WARNING Bad Request: /ms1/api/v1/modules/update
2024-02-05 23:04:07,112 basehttp 17144 13924 WARNING "GET /ms1/api/v1/modules/update HTTP/1.1" 400 72
2024-02-05 23:04:26,229 autoreload 17144 9272 INFO H:\Usuários\Codes\Alppi\Microservice_1\apps\authentication\modules\views.py changed, reloading.
2024-02-05 23:04:37,817 autoreload 3760 22764 INFO Watching for file changes with StatReloader
2024-02-05 23:05:01,011 autoreload 3760 22764 INFO H:\Usuários\Codes\Alppi\Microservice_1\apps\authentication\modules\views.py changed, reloading.
2024-02-05 23:05:04,704 autoreload 16156 2216 INFO Watching for file changes with StatReloader
2024-02-05 23:05:12,166 query_campus 16156 25760 INFO Capturando CNPJ do campus.
2024-02-05 23:05:12,167 query_campus 16156 25760 INFO Criando cursor no banco de dados
2024-02-05 23:05:12,178 query_campus 16156 25760 INFO Executando query get_campus_cnpj
2024-02-05 23:05:12,179 query_campus 16156 25760 INFO Cursor do banco fechado
2024-02-05 23:05:46,993 log 16156 25760 ERROR Internal Server Error: /ms1/api/v1/modules/update
Traceback (most recent call last):
  File "H:\Usuários\Codes\Alppi\venv_ms1\Lib\site-packages\django\core\handlers\exception.py", line 55, in inner
    response = get_response(request)
               ^^^^^^^^^^^^^^^^^^^^^
  File "H:\Usuários\Codes\Alppi\venv_ms1\Lib\site-packages\django\core\handlers\base.py", line 197, in _get_response
    response = wrapped_callback(request, *callback_args, **callback_kwargs)
               ^^^^^^^^^^^^^^^^^^^^^^^^^^^^^^^^^^^^^^^^^^^^^^^^^^^^^^^^^^^^
  File "H:\Usuários\Codes\Alppi\venv_ms1\Lib\site-packages\django\views\decorators\csrf.py", line 65, in _view_wrapper
    return view_func(request, *args, **kwargs)
           ^^^^^^^^^^^^^^^^^^^^^^^^^^^^^^^^^^^
  File "H:\Usuários\Codes\Alppi\venv_ms1\Lib\site-packages\django\views\generic\base.py", line 104, in view
    return self.dispatch(request, *args, **kwargs)
           ^^^^^^^^^^^^^^^^^^^^^^^^^^^^^^^^^^^^^^^
  File "H:\Usuários\Codes\Alppi\venv_ms1\Lib\site-packages\rest_framework\views.py", line 509, in dispatch
    response = self.handle_exception(exc)
               ^^^^^^^^^^^^^^^^^^^^^^^^^^
  File "H:\Usuários\Codes\Alppi\venv_ms1\Lib\site-packages\rest_framework\views.py", line 469, in handle_exception
    self.raise_uncaught_exception(exc)
  File "H:\Usuários\Codes\Alppi\venv_ms1\Lib\site-packages\rest_framework\views.py", line 480, in raise_uncaught_exception
    raise exc
  File "H:\Usuários\Codes\Alppi\venv_ms1\Lib\site-packages\rest_framework\views.py", line 506, in dispatch
    response = handler(request, *args, **kwargs)
               ^^^^^^^^^^^^^^^^^^^^^^^^^^^^^^^^^
  File "H:\Usuários\Codes\Alppi\Microservice_1\apps\authentication\modules\views.py", line 37, in get
    message = f'Erro na requisição. {response.text.results}'
                                     ^^^^^^^^^^^^^^^^^^^^^
AttributeError: 'str' object has no attribute 'results'
2024-02-05 23:05:46,999 basehttp 16156 25760 ERROR "GET /ms1/api/v1/modules/update HTTP/1.1" 500 101368
2024-02-05 23:06:21,910 autoreload 16156 2216 INFO H:\Usuários\Codes\Alppi\Microservice_1\apps\authentication\modules\views.py changed, reloading.
2024-02-05 23:06:26,091 autoreload 22816 19640 INFO Watching for file changes with StatReloader
2024-02-05 23:06:40,127 query_campus 22816 14296 INFO Capturando CNPJ do campus.
2024-02-05 23:06:40,128 query_campus 22816 14296 INFO Criando cursor no banco de dados
2024-02-05 23:06:40,158 query_campus 22816 14296 INFO Executando query get_campus_cnpj
2024-02-05 23:06:40,159 query_campus 22816 14296 INFO Cursor do banco fechado
2024-02-05 23:07:21,647 autoreload 22816 19640 INFO H:\Usuários\Codes\Alppi\Microservice_1\apps\authentication\modules\views.py changed, reloading.
2024-02-05 23:07:35,783 basehttp 22816 14296 INFO "GET /ms1/api/v1/modules/update HTTP/1.1" 200 849
2024-02-05 23:07:42,652 autoreload 9188 15420 INFO Watching for file changes with StatReloader
2024-02-05 23:07:49,623 query_campus 9188 25876 INFO Capturando CNPJ do campus.
2024-02-05 23:07:49,625 query_campus 9188 25876 INFO Criando cursor no banco de dados
2024-02-05 23:07:49,634 query_campus 9188 25876 INFO Executando query get_campus_cnpj
2024-02-05 23:07:49,635 query_campus 9188 25876 INFO Cursor do banco fechado
2024-02-05 23:08:04,868 autoreload 9188 15420 INFO H:\Usuários\Codes\Alppi\Microservice_1\apps\authentication\modules\views.py changed, reloading.
2024-02-05 23:09:07,550 basehttp 9188 25876 INFO "GET /ms1/api/v1/modules/update HTTP/1.1" 200 846
2024-02-05 23:09:10,710 autoreload 23248 25580 INFO Watching for file changes with StatReloader
2024-02-05 23:09:25,370 query_campus 23248 8496 INFO Capturando CNPJ do campus.
2024-02-05 23:09:25,371 query_campus 23248 8496 INFO Criando cursor no banco de dados
2024-02-05 23:09:25,380 query_campus 23248 8496 INFO Executando query get_campus_cnpj
2024-02-05 23:09:25,381 query_campus 23248 8496 INFO Cursor do banco fechado
2024-02-05 23:09:30,418 log 23248 8496 ERROR Internal Server Error: /ms1/api/v1/modules/update
Traceback (most recent call last):
  File "H:\Usuários\Codes\Alppi\venv_ms1\Lib\site-packages\django\core\handlers\exception.py", line 55, in inner
    response = get_response(request)
               ^^^^^^^^^^^^^^^^^^^^^
  File "H:\Usuários\Codes\Alppi\venv_ms1\Lib\site-packages\django\core\handlers\base.py", line 197, in _get_response
    response = wrapped_callback(request, *callback_args, **callback_kwargs)
               ^^^^^^^^^^^^^^^^^^^^^^^^^^^^^^^^^^^^^^^^^^^^^^^^^^^^^^^^^^^^
  File "H:\Usuários\Codes\Alppi\venv_ms1\Lib\site-packages\django\views\decorators\csrf.py", line 65, in _view_wrapper
    return view_func(request, *args, **kwargs)
           ^^^^^^^^^^^^^^^^^^^^^^^^^^^^^^^^^^^
  File "H:\Usuários\Codes\Alppi\venv_ms1\Lib\site-packages\django\views\generic\base.py", line 104, in view
    return self.dispatch(request, *args, **kwargs)
           ^^^^^^^^^^^^^^^^^^^^^^^^^^^^^^^^^^^^^^^
  File "H:\Usuários\Codes\Alppi\venv_ms1\Lib\site-packages\rest_framework\views.py", line 509, in dispatch
    response = self.handle_exception(exc)
               ^^^^^^^^^^^^^^^^^^^^^^^^^^
  File "H:\Usuários\Codes\Alppi\venv_ms1\Lib\site-packages\rest_framework\views.py", line 469, in handle_exception
    self.raise_uncaught_exception(exc)
  File "H:\Usuários\Codes\Alppi\venv_ms1\Lib\site-packages\rest_framework\views.py", line 480, in raise_uncaught_exception
    raise exc
  File "H:\Usuários\Codes\Alppi\venv_ms1\Lib\site-packages\rest_framework\views.py", line 506, in dispatch
    response = handler(request, *args, **kwargs)
               ^^^^^^^^^^^^^^^^^^^^^^^^^^^^^^^^^
  File "H:\Usuários\Codes\Alppi\Microservice_1\apps\authentication\modules\views.py", line 37, in get
    SM.set_modules(jwt_modules.get('results'))
TypeError: SystemModules.set_modules() missing 1 required positional argument: 'jwt_modules'
2024-02-05 23:09:30,433 basehttp 23248 8496 ERROR "GET /ms1/api/v1/modules/update HTTP/1.1" 500 103708
2024-02-05 23:09:52,674 autoreload 23248 25580 INFO H:\Usuários\Codes\Alppi\Microservice_1\apps\authentication\modules\views.py changed, reloading.
2024-02-05 23:09:55,886 autoreload 8656 22056 INFO Watching for file changes with StatReloader
2024-02-05 23:10:03,967 query_campus 8656 23088 INFO Capturando CNPJ do campus.
2024-02-05 23:10:03,967 query_campus 8656 23088 INFO Criando cursor no banco de dados
2024-02-05 23:10:03,978 query_campus 8656 23088 INFO Executando query get_campus_cnpj
2024-02-05 23:10:03,979 query_campus 8656 23088 INFO Cursor do banco fechado
2024-02-05 23:10:05,563 log 8656 23088 ERROR Internal Server Error: /ms1/api/v1/modules/update
Traceback (most recent call last):
  File "H:\Usuários\Codes\Alppi\venv_ms1\Lib\site-packages\django\core\handlers\exception.py", line 55, in inner
    response = get_response(request)
               ^^^^^^^^^^^^^^^^^^^^^
  File "H:\Usuários\Codes\Alppi\venv_ms1\Lib\site-packages\django\core\handlers\base.py", line 197, in _get_response
    response = wrapped_callback(request, *callback_args, **callback_kwargs)
               ^^^^^^^^^^^^^^^^^^^^^^^^^^^^^^^^^^^^^^^^^^^^^^^^^^^^^^^^^^^^
  File "H:\Usuários\Codes\Alppi\venv_ms1\Lib\site-packages\django\views\decorators\csrf.py", line 65, in _view_wrapper
    return view_func(request, *args, **kwargs)
           ^^^^^^^^^^^^^^^^^^^^^^^^^^^^^^^^^^^
  File "H:\Usuários\Codes\Alppi\venv_ms1\Lib\site-packages\django\views\generic\base.py", line 104, in view
    return self.dispatch(request, *args, **kwargs)
           ^^^^^^^^^^^^^^^^^^^^^^^^^^^^^^^^^^^^^^^
  File "H:\Usuários\Codes\Alppi\venv_ms1\Lib\site-packages\rest_framework\views.py", line 509, in dispatch
    response = self.handle_exception(exc)
               ^^^^^^^^^^^^^^^^^^^^^^^^^^
  File "H:\Usuários\Codes\Alppi\venv_ms1\Lib\site-packages\rest_framework\views.py", line 469, in handle_exception
    self.raise_uncaught_exception(exc)
  File "H:\Usuários\Codes\Alppi\venv_ms1\Lib\site-packages\rest_framework\views.py", line 480, in raise_uncaught_exception
    raise exc
  File "H:\Usuários\Codes\Alppi\venv_ms1\Lib\site-packages\rest_framework\views.py", line 506, in dispatch
    response = handler(request, *args, **kwargs)
               ^^^^^^^^^^^^^^^^^^^^^^^^^^^^^^^^^
  File "H:\Usuários\Codes\Alppi\Microservice_1\apps\authentication\modules\views.py", line 37, in get
    SM.set_modules(jwt_modules=jwt_modules.get('results'))
TypeError: SystemModules.set_modules() missing 1 required positional argument: 'self'
2024-02-05 23:10:05,578 basehttp 8656 23088 ERROR "GET /ms1/api/v1/modules/update HTTP/1.1" 500 102835
2024-02-05 23:10:09,341 autoreload 8656 22056 INFO H:\Usuários\Codes\Alppi\Microservice_1\apps\authentication\modules\views.py changed, reloading.
2024-02-05 23:10:11,790 autoreload 1724 9028 INFO Watching for file changes with StatReloader
2024-02-05 23:10:13,267 query_campus 1724 1708 INFO Capturando CNPJ do campus.
2024-02-05 23:10:13,268 query_campus 1724 1708 INFO Criando cursor no banco de dados
2024-02-05 23:10:13,277 query_campus 1724 1708 INFO Executando query get_campus_cnpj
2024-02-05 23:10:13,277 query_campus 1724 1708 INFO Cursor do banco fechado
2024-02-05 23:10:18,998 basehttp 1724 1708 INFO "GET /ms1/api/v1/modules/update HTTP/1.1" 200 46
2024-02-05 23:10:45,018 query_campus 1724 1708 INFO Capturando CNPJ do campus.
2024-02-05 23:10:45,020 query_campus 1724 1708 INFO Criando cursor no banco de dados
2024-02-05 23:10:45,036 query_campus 1724 1708 INFO Executando query get_campus_cnpj
2024-02-05 23:10:45,036 query_campus 1724 1708 INFO Cursor do banco fechado
2024-02-05 23:10:49,367 basehttp 1724 1708 INFO "GET /ms1/api/v1/modules/update HTTP/1.1" 200 46
2024-02-05 23:10:50,378 autoreload 1724 9028 INFO H:\Usuários\Codes\Alppi\Microservice_1\apps\authentication\modules\views.py changed, reloading.
2024-02-05 23:11:01,481 query_campus 1724 1708 INFO Capturando CNPJ do campus.
2024-02-05 23:11:01,481 query_campus 1724 1708 INFO Criando cursor no banco de dados
2024-02-05 23:11:01,491 query_campus 1724 1708 INFO Executando query get_campus_cnpj
2024-02-05 23:11:01,491 query_campus 1724 1708 INFO Cursor do banco fechado
2024-02-05 23:11:01,739 basehttp 1724 1708 INFO "GET /ms1/api/v1/modules/update HTTP/1.1" 200 46
2024-02-05 23:11:03,537 autoreload 12672 23004 INFO Watching for file changes with StatReloader
2024-02-05 23:11:09,535 query_campus 12672 25360 INFO Capturando CNPJ do campus.
2024-02-05 23:11:09,536 query_campus 12672 25360 INFO Criando cursor no banco de dados
2024-02-05 23:11:09,556 query_campus 12672 25360 INFO Executando query get_campus_cnpj
2024-02-05 23:11:09,556 query_campus 12672 25360 INFO Cursor do banco fechado
2024-02-05 23:11:20,744 basehttp 12672 25360 INFO "GET /ms1/api/v1/modules/update HTTP/1.1" 200 46
2024-02-05 23:11:22,633 query_campus 12672 25360 INFO Capturando CNPJ do campus.
2024-02-05 23:11:22,633 query_campus 12672 25360 INFO Criando cursor no banco de dados
2024-02-05 23:11:22,641 query_campus 12672 25360 INFO Executando query get_campus_cnpj
2024-02-05 23:11:22,642 query_campus 12672 25360 INFO Cursor do banco fechado
2024-02-05 23:11:26,454 basehttp 12672 25360 INFO "GET /ms1/api/v1/modules/update HTTP/1.1" 200 46
2024-02-05 23:11:40,312 query_user 12672 25360 INFO Criando cursor no banco de dados
2024-02-05 23:11:40,323 query_user 12672 25360 INFO Executando query user_infos
2024-02-05 23:11:40,324 query_user 12672 25360 INFO Cursor do banco fechado
2024-02-05 23:11:40,575 query_user 12672 25360 INFO Atualizando ultima acesso do usuario.
2024-02-05 23:11:40,575 query_user 12672 25360 INFO Criando cursor no banco de dados
2024-02-05 23:11:40,579 query_user 12672 25360 INFO E xecutando query user_update_last_access
2024-02-05 23:11:40,580 query_user 12672 25360 INFO Cursor do banco fechado
2024-02-05 23:11:40,834 basehttp 12672 25360 INFO "POST /ms1/api/v1/user/login HTTP/1.1" 200 1744
